12	2015-09-13 16:35:43	1	成功	E:\网站专区\微信专区\微信游戏\集成游戏包更新\成品运营\现有\2015.9.6\教程文档\内容替换说明.txt
14	2015-09-13 16:35:43	7	成功	E:\网站专区\微信专区\微信游戏\集成游戏包更新\成品运营\现有\2015.9.6\index2.html
15	2015-09-13 16:35:43	3	成功	E:\网站专区\微信专区\微信游戏\集成游戏包更新\成品运营\现有\2015.9.6\index3.html
17	2015-09-13 16:35:43	2	成功	E:\网站专区\微信专区\微信游戏\集成游戏包更新\成品运营\现有\2015.9.6\index5.html
18	2015-09-13 16:35:43	5	成功	E:\网站专区\微信专区\微信游戏\集成游戏包更新\成品运营\现有\2015.9.6\index.html
20	2015-09-13 16:35:43	2	成功	E:\网站专区\微信专区\微信游戏\集成游戏包更新\成品运营\现有\2015.9.6\ceshi\anlian\index.html
21	2015-09-13 16:35:43	2	成功	E:\网站专区\微信专区\微信游戏\集成游戏包更新\成品运营\现有\2015.9.6\ceshi\ceo\index.html
22	2015-09-13 16:35:43	1	成功	E:\网站专区\微信专区\微信游戏\集成游戏包更新\成品运营\现有\2015.9.6\ceshi\chuanyue\index.html
23	2015-09-13 16:35:44	2	成功	E:\网站专区\微信专区\微信游戏\集成游戏包更新\成品运营\现有\2015.9.6\ceshi\fangzi\index.html
24	2015-09-13 16:35:44	2	成功	E:\网站专区\微信专区\微信游戏\集成游戏包更新\成品运营\现有\2015.9.6\ceshi\haizi\index.html
25	2015-09-13 16:35:44	2	成功	E:\网站专区\微信专区\微信游戏\集成游戏包更新\成品运营\现有\2015.9.6\ceshi\houbansheng\index.html
26	2015-09-13 16:35:44	2	成功	E:\网站专区\微信专区\微信游戏\集成游戏包更新\成品运营\现有\2015.9.6\ceshi\huaxin\index.html
27	2015-09-13 16:35:44	2	成功	E:\网站专区\微信专区\微信游戏\集成游戏包更新\成品运营\现有\2015.9.6\ceshi\huihuang\index.html
28	2015-09-13 16:35:44	2	成功	E:\网站专区\微信专区\微信游戏\集成游戏包更新\成品运营\现有\2015.9.6\ceshi\jiuliang\index.html
29	2015-09-13 16:35:44	2	成功	E:\网站专区\微信专区\微信游戏\集成游戏包更新\成品运营\现有\2015.9.6\ceshi\kaiche\index.html
30	2015-09-13 16:35:44	2	成功	E:\网站专区\微信专区\微信游戏\集成游戏包更新\成品运营\现有\2015.9.6\ceshi\nanshengzhiwen\index.html
31	2015-09-13 16:35:44	2	成功	E:\网站专区\微信专区\微信游戏\集成游戏包更新\成品运营\现有\2015.9.6\ceshi\nianxin\index.html
32	2015-09-13 16:35:44	2	成功	E:\网站专区\微信专区\微信游戏\集成游戏包更新\成品运营\现有\2015.9.6\ceshi\nvshengzhiwen\index.html
33	2015-09-13 16:35:44	2	成功	E:\网站专区\微信专区\微信游戏\集成游戏包更新\成品运营\现有\2015.9.6\ceshi\qianshi\index.html
34	2015-09-13 16:35:44	2	成功	E:\网站专区\微信专区\微信游戏\集成游戏包更新\成品运营\现有\2015.9.6\ceshi\queshenme\index.html
35	2015-09-13 16:35:44	2	成功	E:\网站专区\微信专区\微信游戏\集成游戏包更新\成品运营\现有\2015.9.6\ceshi\renpin\index.html
36	2015-09-13 16:35:44	2	成功	E:\网站专区\微信专区\微信游戏\集成游戏包更新\成品运营\现有\2015.9.6\ceshi\shenjia\index.html
37	2015-09-13 16:35:44	2	成功	E:\网站专区\微信专区\微信游戏\集成游戏包更新\成品运营\现有\2015.9.6\ceshi\shijian\index.html
38	2015-09-13 16:35:44	2	成功	E:\网站专区\微信专区\微信游戏\集成游戏包更新\成品运营\现有\2015.9.6\ceshi\tiansheng\index.html
39	2015-09-13 16:35:44	2	成功	E:\网站专区\微信专区\微信游戏\集成游戏包更新\成品运营\现有\2015.9.6\ceshi\zhimingdu\index.html
41	2015-09-13 16:35:44	2	成功	E:\网站专区\微信专区\微信游戏\集成游戏包更新\成品运营\现有\2015.9.6\games\2048\index.html
44	2015-09-13 16:35:44	1	成功	E:\网站专区\微信专区\微信游戏\集成游戏包更新\成品运营\现有\2015.9.6\games\baba\index.html
48	2015-09-13 16:35:44	7	成功	E:\网站专区\微信专区\微信游戏\集成游戏包更新\成品运营\现有\2015.9.6\games\bbjx\index.html
52	2015-09-13 16:35:44	4	成功	E:\网站专区\微信专区\微信游戏\集成游戏包更新\成品运营\现有\2015.9.6\games\bdsjm\index.html
54	2015-09-13 16:35:44	2	成功	E:\网站专区\微信专区\微信游戏\集成游戏包更新\成品运营\现有\2015.9.6\games\biaoche\index.html
57	2015-09-13 16:35:44	7	成功	E:\网站专区\微信专区\微信游戏\集成游戏包更新\成品运营\现有\2015.9.6\games\blglez\index.html
58	2015-09-13 16:35:44	7	成功	E:\网站专区\微信专区\微信游戏\集成游戏包更新\成品运营\现有\2015.9.6\games\bljqzffxwz\index.html
61	2015-09-13 16:35:44	2	成功	E:\网站专区\微信专区\微信游戏\集成游戏包更新\成品运营\现有\2015.9.6\games\bsqpz\index.html
62	2015-09-13 16:35:44	3	成功	E:\网站专区\微信专区\微信游戏\集成游戏包更新\成品运营\现有\2015.9.6\games\bsqpz2\index.html
63	2015-09-13 16:35:44	7	成功	E:\网站专区\微信专区\微信游戏\集成游戏包更新\成品运营\现有\2015.9.6\games\bttz\index.html
65	2015-09-13 16:35:44	4	成功	E:\网站专区\微信专区\微信游戏\集成游戏包更新\成品运营\现有\2015.9.6\games\bunengsi\index.html
69	2015-09-13 16:35:44	7	成功	E:\网站专区\微信专区\微信游戏\集成游戏包更新\成品运营\现有\2015.9.6\games\ccgl\index.html
70	2015-09-13 16:35:44	4	成功	E:\网站专区\微信专区\微信游戏\集成游戏包更新\成品运营\现有\2015.9.6\games\cdd\index.html
73	2015-09-13 16:35:44	7	成功	E:\网站专区\微信专区\微信游戏\集成游戏包更新\成品运营\现有\2015.9.6\games\chezhi\index.html
75	2015-09-13 16:35:44	2	成功	E:\网站专区\微信专区\微信游戏\集成游戏包更新\成品运营\现有\2015.9.6\games\cjmla\index.html
77	2015-09-13 16:35:44	4	成功	E:\网站专区\微信专区\微信游戏\集成游戏包更新\成品运营\现有\2015.9.6\games\ckf\index.htm
79	2015-09-13 16:35:44	7	成功	E:\网站专区\微信专区\微信游戏\集成游戏包更新\成品运营\现有\2015.9.6\games\cpp\index.html
80	2015-09-13 16:35:44	8	成功	E:\网站专区\微信专区\微信游戏\集成游戏包更新\成品运营\现有\2015.9.6\games\cs\index.html
81	2015-09-13 16:35:44	21	成功	E:\网站专区\微信专区\微信游戏\集成游戏包更新\成品运营\现有\2015.9.6\games\cscg\index.html
85	2015-09-13 16:35:44	7	成功	E:\网站专区\微信专区\微信游戏\集成游戏包更新\成品运营\现有\2015.9.6\games\dalaohu\index.html
87	2015-09-13 16:35:44	3	成功	E:\网站专区\微信专区\微信游戏\集成游戏包更新\成品运营\现有\2015.9.6\games\dbcs\index.htm
93	2015-09-13 16:35:44	7	成功	E:\网站专区\微信专区\微信游戏\集成游戏包更新\成品运营\现有\2015.9.6\games\ddb\index.html
100	2015-09-13 16:35:44	2	成功	E:\网站专区\微信专区\微信游戏\集成游戏包更新\成品运营\现有\2015.9.6\games\diandeng\index.html
101	2015-09-13 16:35:44	1	成功	E:\网站专区\微信专区\微信游戏\集成游戏包更新\成品运营\现有\2015.9.6\games\diaoyu\index.html
102	2015-09-13 16:35:44	5	成功	E:\网站专区\微信专区\微信游戏\集成游戏包更新\成品运营\现有\2015.9.6\games\djz\index.html
103	2015-09-13 16:35:44	6	成功	E:\网站专区\微信专区\微信游戏\集成游戏包更新\成品运营\现有\2015.9.6\games\dlss\index.html
104	2015-09-13 16:35:44	2	成功	E:\网站专区\微信专区\微信游戏\集成游戏包更新\成品运营\现有\2015.9.6\games\dlxfk\index.html
105	2015-09-13 16:35:44	6	成功	E:\网站专区\微信专区\微信游戏\集成游戏包更新\成品运营\现有\2015.9.6\games\dqe\index.html
107	2015-09-13 16:35:44	1	成功	E:\网站专区\微信专区\微信游戏\集成游戏包更新\成品运营\现有\2015.9.6\games\duimutou\index.html
109	2015-09-13 16:35:44	5	成功	E:\网站专区\微信专区\微信游戏\集成游戏包更新\成品运营\现有\2015.9.6\games\duxinshu\index.html
111	2015-09-13 16:35:44	2	成功	E:\网站专区\微信专区\微信游戏\集成游戏包更新\成品运营\现有\2015.9.6\games\dwy\index.html
112	2015-09-13 16:35:44	5	成功	E:\网站专区\微信专区\微信游戏\集成游戏包更新\成品运营\现有\2015.9.6\games\dwz\index.html
114	2015-09-13 16:35:44	3	成功	E:\网站专区\微信专区\微信游戏\集成游戏包更新\成品运营\现有\2015.9.6\games\fangyan\index.html
117	2015-09-13 16:35:44	3	成功	E:\网站专区\微信专区\微信游戏\集成游戏包更新\成品运营\现有\2015.9.6\games\fcl\index.html
119	2015-09-13 16:35:44	1	成功	E:\网站专区\微信专区\微信游戏\集成游戏包更新\成品运营\现有\2015.9.6\games\feidegenggao\index.html
120	2015-09-13 16:35:44	4	成功	E:\网站专区\微信专区\微信游戏\集成游戏包更新\成品运营\现有\2015.9.6\games\fkbttz\index.html
122	2015-09-13 16:35:44	8	成功	E:\网站专区\微信专区\微信游戏\集成游戏包更新\成品运营\现有\2015.9.6\games\fkfzm\index.html
123	2015-09-13 16:35:44	5	成功	E:\网站专区\微信专区\微信游戏\集成游戏包更新\成品运营\现有\2015.9.6\games\flnu\index.html
144	2015-09-13 16:35:44	6	成功	E:\网站专区\微信专区\微信游戏\集成游戏包更新\成品运营\现有\2015.9.6\games\fytkzc\index.html
146	2015-09-13 16:35:44	2	成功	E:\网站专区\微信专区\微信游戏\集成游戏包更新\成品运营\现有\2015.9.6\games\gdzmn\index.html
150	2015-09-13 16:35:44	5	成功	E:\网站专区\微信专区\微信游戏\集成游戏包更新\成品运营\现有\2015.9.6\games\gongfumao\index.html
151	2015-09-13 16:35:44	2	成功	E:\网站专区\微信专区\微信游戏\集成游戏包更新\成品运营\现有\2015.9.6\games\gqtz\index.html
159	2015-09-13 16:35:44	1	成功	E:\网站专区\微信专区\微信游戏\集成游戏包更新\成品运营\现有\2015.9.6\games\hczz\index.html
160	2015-09-13 16:35:44	5	成功	E:\网站专区\微信专区\微信游戏\集成游戏包更新\成品运营\现有\2015.9.6\games\heibai\index.html
162	2015-09-13 16:35:44	5	成功	E:\网站专区\微信专区\微信游戏\集成游戏包更新\成品运营\现有\2015.9.6\games\hjkg\index.html
163	2015-09-13 16:35:44	5	成功	E:\网站专区\微信专区\微信游戏\集成游戏包更新\成品运营\现有\2015.9.6\games\hl\index.htm
169	2015-09-13 16:35:44	5	成功	E:\网站专区\微信专区\微信游戏\集成游戏包更新\成品运营\现有\2015.9.6\games\honghaishilv\index.html
171	2015-09-13 16:35:44	3	成功	E:\网站专区\微信专区\微信游戏\集成游戏包更新\成品运营\现有\2015.9.6\games\ice_bucket\index.html
172	2015-09-13 16:35:44	20	成功	E:\网站专区\微信专区\微信游戏\集成游戏包更新\成品运营\现有\2015.9.6\games\iq\index.html
173	2015-09-13 16:35:44	5	成功	E:\网站专区\微信专区\微信游戏\集成游戏包更新\成品运营\现有\2015.9.6\games\jb\index.htm
177	2015-09-13 16:35:44	2	成功	E:\网站专区\微信专区\微信游戏\集成游戏包更新\成品运营\现有\2015.9.6\games\jianren\index.html
180	2015-09-13 16:35:45	3	成功	E:\网站专区\微信专区\微信游戏\集成游戏包更新\成品运营\现有\2015.9.6\games\jingzi\index.html
188	2015-09-13 16:35:45	2	成功	E:\网站专区\微信专区\微信游戏\集成游戏包更新\成品运营\现有\2015.9.6\games\jksz\index.html
190	2015-09-13 16:35:45	5	成功	E:\网站专区\微信专区\微信游戏\集成游戏包更新\成品运营\现有\2015.9.6\games\jolin\index.html
192	2015-09-13 16:35:45	7	成功	E:\网站专区\微信专区\微信游戏\集成游戏包更新\成品运营\现有\2015.9.6\games\jssjm\index.html
198	2015-09-13 16:35:45	2	成功	E:\网站专区\微信专区\微信游戏\集成游戏包更新\成品运营\现有\2015.9.6\games\jyfy\index.htm
199	2015-09-13 16:35:45	2	成功	E:\网站专区\微信专区\微信游戏\集成游戏包更新\成品运营\现有\2015.9.6\games\jyfy2\index.html
200	2015-09-13 16:35:45	3	成功	E:\网站专区\微信专区\微信游戏\集成游戏包更新\成品运营\现有\2015.9.6\games\kaixinlian\index.html
201	2015-09-13 16:35:45	4	成功	E:\网站专区\微信专区\微信游戏\集成游戏包更新\成品运营\现有\2015.9.6\games\kanshu\index.html
202	2015-09-13 16:35:45	1	成功	E:\网站专区\微信专区\微信游戏\集成游戏包更新\成品运营\现有\2015.9.6\games\ksiphone6\index.html
203	2015-09-13 16:35:45	38	成功	E:\网站专区\微信专区\微信游戏\集成游戏包更新\成品运营\现有\2015.9.6\games\kuaipao\index.html
205	2015-09-13 16:35:45	2	成功	E:\网站专区\微信专区\微信游戏\集成游戏包更新\成品运营\现有\2015.9.6\games\lbyhbyc\index.html
207	2015-09-13 16:35:45	5	成功	E:\网站专区\微信专区\微信游戏\集成游戏包更新\成品运营\现有\2015.9.6\games\ld\index.htm
209	2015-09-13 16:35:45	2	成功	E:\网站专区\微信专区\微信游戏\集成游戏包更新\成品运营\现有\2015.9.6\games\liankan\index.html
210	2015-09-13 16:35:45	5	成功	E:\网站专区\微信专区\微信游戏\集成游戏包更新\成品运营\现有\2015.9.6\games\llll\index.htm
212	2015-09-13 16:35:45	3	成功	E:\网站专区\微信专区\微信游戏\集成游戏包更新\成品运营\现有\2015.9.6\games\maomi\index.htm
215	2015-09-13 16:35:45	4	成功	E:\网站专区\微信专区\微信游戏\集成游戏包更新\成品运营\现有\2015.9.6\games\memeda\index.html
216	2015-09-13 16:35:45	2	成功	E:\网站专区\微信专区\微信游戏\集成游戏包更新\成品运营\现有\2015.9.6\games\mingxuanyixian\index.html
218	2015-09-13 16:35:45	6	成功	E:\网站专区\微信专区\微信游戏\集成游戏包更新\成品运营\现有\2015.9.6\games\mishi\index.html
229	2015-09-13 16:35:45	2	成功	E:\网站专区\微信专区\微信游戏\集成游戏包更新\成品运营\现有\2015.9.6\games\mmttt\index.html
230	2015-09-13 16:35:45	5	成功	E:\网站专区\微信专区\微信游戏\集成游戏包更新\成品运营\现有\2015.9.6\games\mnbyg\index.html
231	2015-09-13 16:35:45	3	成功	E:\网站专区\微信专区\微信游戏\集成游戏包更新\成品运营\现有\2015.9.6\games\mnygl\index.html
233	2015-09-13 16:35:45	2	成功	E:\网站专区\微信专区\微信游戏\集成游戏包更新\成品运营\现有\2015.9.6\games\monkey\index.html
237	2015-09-13 16:35:45	1	成功	E:\网站专区\微信专区\微信游戏\集成游戏包更新\成品运营\现有\2015.9.6\games\mspt\index.html
238	2015-09-13 16:35:45	4	成功	E:\网站专区\微信专区\微信游戏\集成游戏包更新\成品运营\现有\2015.9.6\games\mtl\index.html
239	2015-09-13 16:35:45	2	成功	E:\网站专区\微信专区\微信游戏\集成游戏包更新\成品运营\现有\2015.9.6\games\mwzne\index.html
240	2015-09-13 16:35:45	3	成功	E:\网站专区\微信专区\微信游戏\集成游戏包更新\成品运营\现有\2015.9.6\games\mxcz\index.html
241	2015-09-13 16:35:45	2	成功	E:\网站专区\微信专区\微信游戏\集成游戏包更新\成品运营\现有\2015.9.6\games\mzpk\index.html
242	2015-09-13 16:35:45	5	成功	E:\网站专区\微信专区\微信游戏\集成游戏包更新\成品运营\现有\2015.9.6\games\naoyangyang\index.html
243	2015-09-13 16:35:45	2	成功	E:\网站专区\微信专区\微信游戏\集成游戏包更新\成品运营\现有\2015.9.6\games\nddsc\index.html
244	2015-09-13 16:35:45	2	成功	E:\网站专区\微信专区\微信游戏\集成游戏包更新\成品运营\现有\2015.9.6\games\ndtnrgclm\index.html
245	2015-09-13 16:35:45	2	成功	E:\网站专区\微信专区\微信游戏\集成游戏包更新\成品运营\现有\2015.9.6\games\njdsb\index.html
246	2015-09-13 16:35:45	2	成功	E:\网站专区\微信专区\微信游戏\集成游戏包更新\成品运营\现有\2015.9.6\games\pigbaby\index.html
248	2015-09-13 16:35:45	2	成功	E:\网站专区\微信专区\微信游戏\集成游戏包更新\成品运营\现有\2015.9.6\games\pmp\index.html
257	2015-09-13 16:35:45	2	成功	E:\网站专区\微信专区\微信游戏\集成游戏包更新\成品运营\现有\2015.9.6\games\pxfzm\index.htm
259	2015-09-13 16:35:45	2	成功	E:\网站专区\微信专区\微信游戏\集成游戏包更新\成品运营\现有\2015.9.6\games\qedfc\index.html
260	2015-09-13 16:35:45	6	成功	E:\网站专区\微信专区\微信游戏\集成游戏包更新\成品运营\现有\2015.9.6\games\qie\index.html
261	2015-09-13 16:35:45	2	成功	E:\网站专区\微信专区\微信游戏\集成游戏包更新\成品运营\现有\2015.9.6\games\qiexigua\index.html
262	2015-09-13 16:35:45	4	成功	E:\网站专区\微信专区\微信游戏\集成游戏包更新\成品运营\现有\2015.9.6\games\qifu\index.html
265	2015-09-13 16:35:45	4	成功	E:\网站专区\微信专区\微信游戏\集成游戏包更新\成品运营\现有\2015.9.6\games\qixi1\index.html
266	2015-09-13 16:35:45	5	成功	E:\网站专区\微信专区\微信游戏\集成游戏包更新\成品运营\现有\2015.9.6\games\qmbttz\index.html
267	2015-09-13 16:35:45	6	成功	E:\网站专区\微信专区\微信游戏\集成游戏包更新\成品运营\现有\2015.9.6\games\qmxzfzm\index.html
268	2015-09-13 16:35:45	8	成功	E:\网站专区\微信专区\微信游戏\集成游戏包更新\成品运营\现有\2015.9.6\games\qmxzfzm2\index.html
269	2015-09-13 16:35:45	7	成功	E:\网站专区\微信专区\微信游戏\集成游戏包更新\成品运营\现有\2015.9.6\games\qmykl\index.html
270	2015-09-13 16:35:45	6	成功	E:\网站专区\微信专区\微信游戏\集成游戏包更新\成品运营\现有\2015.9.6\games\qpjzg\index.html
271	2015-09-13 16:35:45	2	成功	E:\网站专区\微信专区\微信游戏\集成游戏包更新\成品运营\现有\2015.9.6\games\qqppp\index.html
273	2015-09-13 16:35:45	11	成功	E:\网站专区\微信专区\微信游戏\集成游戏包更新\成品运营\现有\2015.9.6\games\qwt\index.html
275	2015-09-13 16:35:45	9	成功	E:\网站专区\微信专区\微信游戏\集成游戏包更新\成品运营\现有\2015.9.6\games\rjd\index.html
276	2015-09-13 16:35:45	2	成功	E:\网站专区\微信专区\微信游戏\集成游戏包更新\成品运营\现有\2015.9.6\games\saolei\index.html
277	2015-09-13 16:35:45	2	成功	E:\网站专区\微信专区\微信游戏\集成游戏包更新\成品运营\现有\2015.9.6\games\sds\index.html
278	2015-09-13 16:35:45	1	成功	E:\网站专区\微信专区\微信游戏\集成游戏包更新\成品运营\现有\2015.9.6\games\se\index.html
279	2015-09-13 16:35:45	4	成功	E:\网站专区\微信专区\微信游戏\集成游戏包更新\成品运营\现有\2015.9.6\games\se2\index.html
280	2015-09-13 16:35:45	1	成功	E:\网站专区\微信专区\微信游戏\集成游戏包更新\成品运营\现有\2015.9.6\games\selang\index.html
281	2015-09-13 16:35:45	2	成功	E:\网站专区\微信专区\微信游戏\集成游戏包更新\成品运营\现有\2015.9.6\games\semo\index.html
282	2015-09-13 16:35:45	2	成功	E:\网站专区\微信专区\微信游戏\集成游戏包更新\成品运营\现有\2015.9.6\games\shenjingmao\index.html
283	2015-09-13 16:35:45	16	成功	E:\网站专区\微信专区\微信游戏\集成游戏包更新\成品运营\现有\2015.9.6\games\shenjingmao-zhuangbiban\index1.html
285	2015-09-13 16:35:45	4	成功	E:\网站专区\微信专区\微信游戏\集成游戏包更新\成品运营\现有\2015.9.6\games\shenjingmao2\index.html
286	2015-09-13 16:35:45	8	成功	E:\网站专区\微信专区\微信游戏\集成游戏包更新\成品运营\现有\2015.9.6\games\sheqiu\index.html
287	2015-09-13 16:35:45	2	成功	E:\网站专区\微信专区\微信游戏\集成游戏包更新\成品运营\现有\2015.9.6\games\shit\index.html
288	2015-09-13 16:35:45	3	成功	E:\网站专区\微信专区\微信游戏\集成游戏包更新\成品运营\现有\2015.9.6\games\shouzhi\index.html
290	2015-09-13 16:35:45	7	成功	E:\网站专区\微信专区\微信游戏\集成游戏包更新\成品运营\现有\2015.9.6\games\sqs\index.html
291	2015-09-13 16:35:45	4	成功	E:\网站专区\微信专区\微信游戏\集成游戏包更新\成品运营\现有\2015.9.6\games\sqsdscj\index.html
299	2015-09-13 16:35:45	3	成功	E:\网站专区\微信专区\微信游戏\集成游戏包更新\成品运营\现有\2015.9.6\games\symdsb\index.html
300	2015-09-13 16:35:45	2	成功	E:\网站专区\微信专区\微信游戏\集成游戏包更新\成品运营\现有\2015.9.6\games\symh\index.html
302	2015-09-13 16:35:45	3	成功	E:\网站专区\微信专区\微信游戏\集成游戏包更新\成品运营\现有\2015.9.6\games\tangguo\index.html
310	2015-09-13 16:35:45	4	成功	E:\网站专区\微信专区\微信游戏\集成游戏包更新\成品运营\现有\2015.9.6\games\ttg\index.html
312	2015-09-13 16:35:45	2	成功	E:\网站专区\微信专区\微信游戏\集成游戏包更新\成品运营\现有\2015.9.6\games\tuzi\index.html
313	2015-09-13 16:35:45	4	成功	E:\网站专区\微信专区\微信游戏\集成游戏包更新\成品运营\现有\2015.9.6\games\tzbp\index.html
314	2015-09-13 16:35:45	6	成功	E:\网站专区\微信专区\微信游戏\集成游戏包更新\成品运营\现有\2015.9.6\games\wbk\index.html
316	2015-09-13 16:35:45	1	成功	E:\网站专区\微信专区\微信游戏\集成游戏包更新\成品运营\现有\2015.9.6\games\weidao\weidao\js.htm
317	2015-09-13 16:35:45	2	成功	E:\网站专区\微信专区\微信游戏\集成游戏包更新\成品运营\现有\2015.9.6\games\wzdz\index.html
318	2015-09-13 16:35:45	4	成功	E:\网站专区\微信专区\微信游戏\集成游戏包更新\成品运营\现有\2015.9.6\games\wzxgz\index.html
319	2015-09-13 16:35:46	1	成功	E:\网站专区\微信专区\微信游戏\集成游戏包更新\成品运营\现有\2015.9.6\games\xiaoniaofeifei\index.html
320	2015-09-13 16:35:46	5	成功	E:\网站专区\微信专区\微信游戏\集成游戏包更新\成品运营\现有\2015.9.6\games\xiaopingguo\index.html
321	2015-09-13 16:35:46	2	成功	E:\网站专区\微信专区\微信游戏\集成游戏包更新\成品运营\现有\2015.9.6\games\xiaosan\index.html
322	2015-09-13 16:35:46	6	成功	E:\网站专区\微信专区\微信游戏\集成游戏包更新\成品运营\现有\2015.9.6\games\xiaoshuai\index.html
326	2015-09-13 16:35:46	4	成功	E:\网站专区\微信专区\微信游戏\集成游戏包更新\成品运营\现有\2015.9.6\games\xksds\index.html
330	2015-09-13 16:35:46	1	成功	E:\网站专区\微信专区\微信游戏\集成游戏包更新\成品运营\现有\2015.9.6\games\xxoo\game.html-f=zf.htm
331	2015-09-13 16:35:46	1	成功	E:\网站专区\微信专区\微信游戏\集成游戏包更新\成品运营\现有\2015.9.6\games\xxoo\index.html
332	2015-09-13 16:35:46	2	成功	E:\网站专区\微信专区\微信游戏\集成游戏包更新\成品运营\现有\2015.9.6\games\xyfs\index.html
333	2015-09-13 16:35:46	5	成功	E:\网站专区\微信专区\微信游戏\集成游戏包更新\成品运营\现有\2015.9.6\games\xz120\index.html
335	2015-09-13 16:35:46	2	成功	E:\网站专区\微信专区\微信游戏\集成游戏包更新\成品运营\现有\2015.9.6\games\yang\index.html
336	2015-09-13 16:35:46	6	成功	E:\网站专区\微信专区\微信游戏\集成游戏包更新\成品运营\现有\2015.9.6\games\yao\index.html
355	2015-09-13 16:35:46	2	成功	E:\网站专区\微信专区\微信游戏\集成游戏包更新\成品运营\现有\2015.9.6\games\ybdz\index.htm
364	2015-09-13 16:35:46	1	成功	E:\网站专区\微信专区\微信游戏\集成游戏包更新\成品运营\现有\2015.9.6\games\ygj\index.html
366	2015-09-13 16:35:46	5	成功	E:\网站专区\微信专区\微信游戏\集成游戏包更新\成品运营\现有\2015.9.6\games\yh\en\index.html
367	2015-09-13 16:35:46	2	成功	E:\网站专区\微信专区\微信游戏\集成游戏包更新\成品运营\现有\2015.9.6\games\yibihua\index.html
368	2015-09-13 16:35:46	8	成功	E:\网站专区\微信专区\微信游戏\集成游戏包更新\成品运营\现有\2015.9.6\games\ymhddzc\index.html
370	2015-09-13 16:35:46	3	成功	E:\网站专区\微信专区\微信游戏\集成游戏包更新\成品运营\现有\2015.9.6\games\yzcs\index.htm
371	2015-09-13 16:35:46	2	成功	E:\网站专区\微信专区\微信游戏\集成游戏包更新\成品运营\现有\2015.9.6\games\zazhi\index.html
372	2015-09-13 16:35:46	2	成功	E:\网站专区\微信专区\微信游戏\集成游戏包更新\成品运营\现有\2015.9.6\games\zfj\index.html
373	2015-09-13 16:35:46	2	成功	E:\网站专区\微信专区\微信游戏\集成游戏包更新\成品运营\现有\2015.9.6\games\zhaonimei\index.html
374	2015-09-13 16:35:46	7	成功	E:\网站专区\微信专区\微信游戏\集成游戏包更新\成品运营\现有\2015.9.6\games\zhizhuxia\index.html
375	2015-09-13 16:35:46	5	成功	E:\网站专区\微信专区\微信游戏\集成游戏包更新\成品运营\现有\2015.9.6\games\zhua\index.html
376	2015-09-13 16:35:46	6	成功	E:\网站专区\微信专区\微信游戏\集成游戏包更新\成品运营\现有\2015.9.6\games\zhuogui\index.html
377	2015-09-13 16:35:46	2	成功	E:\网站专区\微信专区\微信游戏\集成游戏包更新\成品运营\现有\2015.9.6\games\znm\index.html
381	2015-09-13 16:35:46	4	成功	E:\网站专区\微信专区\微信游戏\集成游戏包更新\成品运营\现有\2015.9.6\games\zqdn\index.html
382	2015-09-13 16:35:46	2	成功	E:\网站专区\微信专区\微信游戏\集成游戏包更新\成品运营\现有\2015.9.6\games\zqds\index.html
383	2015-09-13 16:35:46	4	成功	E:\网站专区\微信专区\微信游戏\集成游戏包更新\成品运营\现有\2015.9.6\games\zuiqiangyanli\index.html
385	2015-09-13 16:35:46	3	成功	E:\网站专区\微信专区\微信游戏\集成游戏包更新\成品运营\现有\2015.9.6\games\zwdzjs\index.html
387	2015-09-13 16:35:46	5	成功	E:\网站专区\微信专区\微信游戏\集成游戏包更新\成品运营\现有\2015.9.6\games\zz\index.htm
389	2015-09-13 16:35:46	7	成功	E:\网站专区\微信专区\微信游戏\集成游戏包更新\成品运营\现有\2015.9.6\games\zzs\index.html
467	2015-09-13 16:35:46	12	成功	E:\网站专区\微信专区\微信游戏\集成游戏包更新\成品运营\现有\2015.9.6\games\baozi\js\page.js
471	2015-09-13 16:35:46	1	成功	E:\网站专区\微信专区\微信游戏\集成游戏包更新\成品运营\现有\2015.9.6\games\bbjx\js\game.min.js
552	2015-09-13 16:35:47	3	成功	E:\网站专区\微信专区\微信游戏\集成游戏包更新\成品运营\现有\2015.9.6\games\cdd\js\common.js
584	2015-09-13 16:35:47	2	成功	E:\网站专区\微信专区\微信游戏\集成游戏包更新\成品运营\现有\2015.9.6\games\coreball\js\index.js
586	2015-09-13 16:35:47	3	成功	E:\网站专区\微信专区\微信游戏\集成游戏包更新\成品运营\现有\2015.9.6\games\cpp\js\common.js
605	2015-09-13 16:35:47	2	成功	E:\网站专区\微信专区\微信游戏\集成游戏包更新\成品运营\现有\2015.9.6\games\cube\tetris.min.js
622	2015-09-13 16:35:47	1	成功	E:\网站专区\微信专区\微信游戏\集成游戏包更新\成品运营\现有\2015.9.6\games\daoguo\static\common.js
643	2015-09-13 16:35:47	5	成功	E:\网站专区\微信专区\微信游戏\集成游戏包更新\成品运营\现有\2015.9.6\games\diaoyu\js\app.js
648	2015-09-13 16:35:47	5	成功	E:\网站专区\微信专区\微信游戏\集成游戏包更新\成品运营\现有\2015.9.6\games\diaoyu\src\app.js
650	2015-09-13 16:35:47	1	成功	E:\网站专区\微信专区\微信游戏\集成游戏包更新\成品运营\现有\2015.9.6\games\djz\js\game9g.utils.js
651	2015-09-13 16:35:47	2	成功	E:\网站专区\微信专区\微信游戏\集成游戏包更新\成品运营\现有\2015.9.6\games\dlss\auth\api.js
667	2015-09-13 16:35:47	2	成功	E:\网站专区\微信专区\微信游戏\集成游戏包更新\成品运营\现有\2015.9.6\games\dtsl\js\game9g.js
674	2015-09-13 16:35:47	4	成功	E:\网站专区\微信专区\微信游戏\集成游戏包更新\成品运营\现有\2015.9.6\games\duimutou\stack.js
678	2015-09-13 16:35:47	4	成功	E:\网站专区\微信专区\微信游戏\集成游戏包更新\成品运营\现有\2015.9.6\games\duolao\src\app.js
858	2015-09-13 16:35:48	2	成功	E:\网站专区\微信专区\微信游戏\集成游戏包更新\成品运营\现有\2015.9.6\games\feidegenggao\play168.js
866	2015-09-13 16:35:48	2	成功	E:\网站专区\微信专区\微信游戏\集成游戏包更新\成品运营\现有\2015.9.6\games\fkcsg\js\game9g.js
896	2015-09-13 16:35:48	1	成功	E:\网站专区\微信专区\微信游戏\集成游戏包更新\成品运营\现有\2015.9.6\games\gqtz\src\GameOverLayer.js
897	2015-09-13 16:35:48	5	成功	E:\网站专区\微信专区\微信游戏\集成游戏包更新\成品运营\现有\2015.9.6\games\gqtz\src\GameScene.js
911	2015-09-13 16:35:48	6	成功	E:\网站专区\微信专区\微信游戏\集成游戏包更新\成品运营\现有\2015.9.6\games\heibai\play68.js
922	2015-09-13 16:35:48	1	成功	E:\网站专区\微信专区\微信游戏\集成游戏包更新\成品运营\现有\2015.9.6\games\hjkg\GoldNuggets_x.js
977	2015-09-13 16:35:49	3	成功	E:\网站专区\微信专区\微信游戏\集成游戏包更新\成品运营\现有\2015.9.6\games\jg\static\play68.js
978	2015-09-13 16:35:49	4	成功	E:\网站专区\微信专区\微信游戏\集成游戏包更新\成品运营\现有\2015.9.6\games\jg\static\play68bar.js
1003	2015-09-13 16:35:49	1	成功	E:\网站专区\微信专区\微信游戏\集成游戏包更新\成品运营\现有\2015.9.6\games\jksz\config.js
1004	2015-09-13 16:35:49	2	成功	E:\网站专区\微信专区\微信游戏\集成游戏包更新\成品运营\现有\2015.9.6\games\jntt\js\game9g.js
1039	2015-09-13 16:35:49	6	成功	E:\网站专区\微信专区\微信游戏\集成游戏包更新\成品运营\现有\2015.9.6\games\kuaipao\openjs.js
1054	2015-09-13 16:35:49	1	成功	E:\网站专区\微信专区\微信游戏\集成游戏包更新\成品运营\现有\2015.9.6\games\liankan\js\config.main.js
1085	2015-09-13 16:35:49	1	成功	E:\网站专区\微信专区\微信游戏\集成游戏包更新\成品运营\现有\2015.9.6\games\maya\js\softgames-1.1.js
1088	2015-09-13 16:35:49	22	成功	E:\网站专区\微信专区\微信游戏\集成游戏包更新\成品运营\现有\2015.9.6\games\memeda\js\main.min.js
1090	2015-09-13 16:35:49	1	成功	E:\网站专区\微信专区\微信游戏\集成游戏包更新\成品运营\现有\2015.9.6\games\mingxuanyixian\min.js
1143	2015-09-13 16:35:50	6	成功	E:\网站专区\微信专区\微信游戏\集成游戏包更新\成品运营\现有\2015.9.6\games\mtl\src\game.min.js
1185	2015-09-13 16:35:50	2	成功	E:\网站专区\微信专区\微信游戏\集成游戏包更新\成品运营\现有\2015.9.6\games\pmp\js\game9g.js
1194	2015-09-13 16:35:50	6	成功	E:\网站专区\微信专区\微信游戏\集成游戏包更新\成品运营\现有\2015.9.6\games\qbllk\js\game_base.js
1199	2015-09-13 16:35:50	3	成功	E:\网站专区\微信专区\微信游戏\集成游戏包更新\成品运营\现有\2015.9.6\games\qedfc\js\common.js
1200	2015-09-13 16:35:50	1	成功	E:\网站专区\微信专区\微信游戏\集成游戏包更新\成品运营\现有\2015.9.6\games\qedfc\js\config.main.js
1206	2015-09-13 16:35:50	2	成功	E:\网站专区\微信专区\微信游戏\集成游戏包更新\成品运营\现有\2015.9.6\games\qie\js\common.js
1246	2015-09-13 16:35:50	3	成功	E:\网站专区\微信专区\微信游戏\集成游戏包更新\成品运营\现有\2015.9.6\games\rjd\js\70\common.js
1261	2015-09-13 16:35:50	2	成功	E:\网站专区\微信专区\微信游戏\集成游戏包更新\成品运营\现有\2015.9.6\games\se\assets\js\2main.min.js
1263	2015-09-13 16:35:50	2	成功	E:\网站专区\微信专区\微信游戏\集成游戏包更新\成品运营\现有\2015.9.6\games\se\assets\js\main.min.js
1266	2015-09-13 16:35:50	4	成功	E:\网站专区\微信专区\微信游戏\集成游戏包更新\成品运营\现有\2015.9.6\games\selang\00.js
1269	2015-09-13 16:35:50	2	成功	E:\网站专区\微信专区\微信游戏\集成游戏包更新\成品运营\现有\2015.9.6\games\semo\main.min.js
1464	2015-09-13 16:35:50	2	成功	E:\网站专区\微信专区\微信游戏\集成游戏包更新\成品运营\现有\2015.9.6\games\szcg\js\game9g.js
1487	2015-09-13 16:35:51	1	成功	E:\网站专区\微信专区\微信游戏\集成游戏包更新\成品运营\现有\2015.9.6\games\tuzi\index_files\app.js
1524	2015-09-13 16:35:51	3	成功	E:\网站专区\微信专区\微信游戏\集成游戏包更新\成品运营\现有\2015.9.6\games\xiongchumo\play68.js
1525	2015-09-13 16:35:51	3	成功	E:\网站专区\微信专区\微信游戏\集成游戏包更新\成品运营\现有\2015.9.6\games\xiongchumo\play68bar.js
1676	2015-09-13 16:35:51	2	成功	E:\网站专区\微信专区\微信游戏\集成游戏包更新\成品运营\现有\2015.9.6\games\ygj\resources\api.js
1683	2015-09-13 16:35:51	1	成功	E:\网站专区\微信专区\微信游戏\集成游戏包更新\成品运营\现有\2015.9.6\games\ymhddzc\js\out.js
1686	2015-09-13 16:35:51	2	成功	E:\网站专区\微信专区\微信游戏\集成游戏包更新\成品运营\现有\2015.9.6\games\yuebing\js\page.js
1696	2015-09-13 16:35:51	2	成功	E:\网站专区\微信专区\微信游戏\集成游戏包更新\成品运营\现有\2015.9.6\games\zazhi\success\js\main.min.js
1701	2015-09-13 16:35:51	4	成功	E:\网站专区\微信专区\微信游戏\集成游戏包更新\成品运营\现有\2015.9.6\games\zhaonimei\assets\js\main.min3.js
1702	2015-09-13 16:35:51	1	成功	E:\网站专区\微信专区\微信游戏\集成游戏包更新\成品运营\现有\2015.9.6\games\zhaonimei\js\wx4syt.js
1714	2015-09-13 16:35:51	2	成功	E:\网站专区\微信专区\微信游戏\集成游戏包更新\成品运营\现有\2015.9.6\games\zqds\js\common.js
1722	2015-09-13 16:35:51	1	成功	E:\网站专区\微信专区\微信游戏\集成游戏包更新\成品运营\现有\2015.9.6\games\zuqiu\game.js
1724	2015-09-13 16:35:52	2	成功	E:\网站专区\微信专区\微信游戏\集成游戏包更新\成品运营\现有\2015.9.6\games\zuqiu\play68.js
1725	2015-09-13 16:35:52	2	成功	E:\网站专区\微信专区\微信游戏\集成游戏包更新\成品运营\现有\2015.9.6\games\zuqiu\play68bar.js
